<?xml version="1.0" encoding="UTF-8" ?>
<testsuite tests="2" failures="0" name="maven_package.AppTest" time="17.769" errors="0" skipped="0">
  <properties>
    <property name="java.runtime.name" value="Java(TM) SE Runtime Environment"/>
    <property name="sun.boot.library.path" value="/Users/jaime.contreras/.jenkins/tools/hudson.model.JDK/JDK/jre/lib"/>
    <property name="java.vm.version" value="25.221-b11"/>
    <property name="gopherProxySet" value="false"/>
    <property name="java.vm.vendor" value="Oracle Corporation"/>
    <property name="maven.multiModuleProjectDirectory" value="/Users/jaime.contreras/eclipse-workspace/maven_artifact"/>
    <property name="java.vendor.url" value="http://java.oracle.com/"/>
    <property name="path.separator" value=":"/>
    <property name="guice.disable.misplaced.annotation.check" value="true"/>
    <property name="java.vm.name" value="Java HotSpot(TM) 64-Bit Server VM"/>
    <property name="file.encoding.pkg" value="sun.io"/>
    <property name="user.country" value="MX"/>
    <property name="sun.java.launcher" value="SUN_STANDARD"/>
    <property name="sun.os.patch.level" value="unknown"/>
    <property name="java.vm.specification.name" value="Java Virtual Machine Specification"/>
    <property name="user.dir" value="/Users/jaime.contreras/.jenkins/workspace/my-first-job"/>
    <property name="java.runtime.version" value="1.8.0_221-b11"/>
    <property name="java.awt.graphicsenv" value="sun.awt.CGraphicsEnvironment"/>
    <property name="java.endorsed.dirs" value="/Users/jaime.contreras/.jenkins/tools/hudson.model.JDK/JDK/jre/lib/endorsed"/>
    <property name="os.arch" value="x86_64"/>
    <property name="java.io.tmpdir" value="/var/folders/03/4pxp6h7n0kv1nndh89b2r0f40000gn/T/"/>
    <property name="line.separator" value="
"/>
    <property name="java.vm.specification.vendor" value="Oracle Corporation"/>
    <property name="os.name" value="Mac OS X"/>
    <property name="classworlds.conf" value="/Users/jaime.contreras/.jenkins/tools/hudson.tasks.Maven_MavenInstallation/Maven_3.8.6/bin/m2.conf"/>
    <property name="sun.jnu.encoding" value="UTF-8"/>
    <property name="java.library.path" value="/Users/jaime.contreras/Library/Java/Extensions:/Library/Java/Extensions:/Network/Library/Java/Extensions:/System/Library/Java/Extensions:/usr/lib/java:."/>
    <property name="maven.conf" value="/Users/jaime.contreras/.jenkins/tools/hudson.tasks.Maven_MavenInstallation/Maven_3.8.6/conf"/>
    <property name="java.specification.name" value="Java Platform API Specification"/>
    <property name="java.class.version" value="52.0"/>
    <property name="sun.management.compiler" value="HotSpot 64-Bit Tiered Compilers"/>
    <property name="os.version" value="10.16"/>
    <property name="library.jansi.path" value="/Users/jaime.contreras/.jenkins/tools/hudson.tasks.Maven_MavenInstallation/Maven_3.8.6/lib/jansi-native"/>
    <property name="http.nonProxyHosts" value="local|*.local|169.254/16|*.169.254/16"/>
    <property name="user.home" value="/Users/jaime.contreras"/>
    <property name="user.timezone" value="America/Hermosillo"/>
    <property name="java.awt.printerjob" value="sun.lwawt.macosx.CPrinterJob"/>
    <property name="java.specification.version" value="1.8"/>
    <property name="file.encoding" value="UTF-8"/>
    <property name="user.name" value="jaime.contreras"/>
    <property name="java.class.path" value="/Users/jaime.contreras/.jenkins/tools/hudson.tasks.Maven_MavenInstallation/Maven_3.8.6/boot/plexus-classworlds-2.6.0.jar"/>
    <property name="java.vm.specification.version" value="1.8"/>
    <property name="sun.arch.data.model" value="64"/>
    <property name="java.home" value="/Users/jaime.contreras/.jenkins/tools/hudson.model.JDK/JDK/jre"/>
    <property name="sun.java.command" value="org.codehaus.plexus.classworlds.launcher.Launcher -f /Users/jaime.contreras/eclipse-workspace/maven_artifact/pom.xml clean test"/>
    <property name="java.specification.vendor" value="Oracle Corporation"/>
    <property name="user.language" value="en"/>
    <property name="awt.toolkit" value="sun.lwawt.macosx.LWCToolkit"/>
    <property name="java.vm.info" value="mixed mode"/>
    <property name="java.version" value="1.8.0_221"/>
    <property name="java.ext.dirs" value="/Users/jaime.contreras/Library/Java/Extensions:/Users/jaime.contreras/.jenkins/tools/hudson.model.JDK/JDK/jre/lib/ext:/Library/Java/Extensions:/Network/Library/Java/Extensions:/System/Library/Java/Extensions:/usr/lib/java"/>
    <property name="sun.boot.class.path" value="/Users/jaime.contreras/.jenkins/tools/hudson.model.JDK/JDK/jre/lib/resources.jar:/Users/jaime.contreras/.jenkins/tools/hudson.model.JDK/JDK/jre/lib/rt.jar:/Users/jaime.contreras/.jenkins/tools/hudson.model.JDK/JDK/jre/lib/sunrsasign.jar:/Users/jaime.contreras/.jenkins/tools/hudson.model.JDK/JDK/jre/lib/jsse.jar:/Users/jaime.contreras/.jenkins/tools/hudson.model.JDK/JDK/jre/lib/jce.jar:/Users/jaime.contreras/.jenkins/tools/hudson.model.JDK/JDK/jre/lib/charsets.jar:/Users/jaime.contreras/.jenkins/tools/hudson.model.JDK/JDK/jre/lib/jfr.jar:/Users/jaime.contreras/.jenkins/tools/hudson.model.JDK/JDK/jre/classes"/>
    <property name="java.vendor" value="Oracle Corporation"/>
    <property name="maven.home" value="/Users/jaime.contreras/.jenkins/tools/hudson.tasks.Maven_MavenInstallation/Maven_3.8.6"/>
    <property name="file.separator" value="/"/>
    <property name="java.vendor.url.bug" value="http://bugreport.sun.com/bugreport/"/>
    <property name="sun.cpu.endian" value="little"/>
    <property name="sun.io.unicode.encoding" value="UnicodeBig"/>
    <property name="socksNonProxyHosts" value="local|*.local|169.254/16|*.169.254/16"/>
    <property name="ftp.nonProxyHosts" value="local|*.local|169.254/16|*.169.254/16"/>
    <property name="sun.cpu.isalist" value=""/>
  </properties>
  <testcase classname="maven_package.AppTest" name="testEasy on null(maven_package.AppTest)" time="16.41"/>
  <testcase classname="maven_package.AppTest" name="testTwo on null(maven_package.AppTest)" time="1.359"/>
</testsuite>