<?xml version="1.0" encoding="UTF-8"?>
<!-- Generated by org.testng.reporters.JUnitReportReporter -->
<testsuite skipped="0" hostname="Jaimes-MacBook-Pro.local" name="maven_package.AppTest" tests="2" failures="0" timestamp="20 Jul 2022 22:04:47 GMT" time="17.786" errors="0">
  <testcase name="testEasy" time="16.409" classname="maven_package.AppTest"/>
  <testcase name="testTwo" time="1.377" classname="maven_package.AppTest"/>
</testsuite> <!-- maven_package.AppTest -->
